<?xml version="1.0" encoding="utf-8"?><testsuites name="pytest tests"><testsuite name="pytest" errors="0" failures="0" skipped="0" tests="29" time="14.671" timestamp="2026-02-16T10:45:06.230222+00:00" hostname="agent-env-17ab3a73-d2f8-4222-b423-810714e6d2d2"><testcase classname="backend.tests.test_auth_teams_comments.TestAuthEndpoints" name="test_login_admin_success" time="0.372" /><testcase classname="backend.tests.test_auth_teams_comments.TestAuthEndpoints" name="test_login_invalid_credentials" time="0.123" /><testcase classname="backend.tests.test_auth_teams_comments.TestAuthEndpoints" name="test_register_new_user" time="0.346" /><testcase classname="backend.tests.test_auth_teams_comments.TestAuthEndpoints" name="test_register_duplicate_email" time="0.561" /><testcase classname="backend.tests.test_auth_teams_comments.TestAuthEndpoints" name="test_auth_me_with_token" time="0.466" /><testcase classname="backend.tests.test_auth_teams_comments.TestAuthEndpoints" name="test_auth_me_without_token" time="0.119" /><testcase classname="backend.tests.test_auth_teams_comments.TestTeamEndpoints" name="test_list_teams_requires_auth" time="0.271" /><testcase classname="backend.tests.test_auth_teams_comments.TestTeamEndpoints" name="test_create_team" time="0.473" /><testcase classname="backend.tests.test_auth_teams_comments.TestTeamEndpoints" name="test_create_team_and_verify_in_list" time="0.612" /><testcase classname="backend.tests.test_auth_teams_comments.TestTeamEndpoints" name="test_get_team_by_id" time="0.680" /><testcase classname="backend.tests.test_auth_teams_comments.TestTeamEndpoints" name="test_delete_team" time="0.750" /><testcase classname="backend.tests.test_auth_teams_comments.TestCommentEndpoints" name="test_list_comments_empty" time="0.815" /><testcase classname="backend.tests.test_auth_teams_comments.TestCommentEndpoints" name="test_create_comment_requires_auth" time="0.734" /><testcase classname="backend.tests.test_auth_teams_comments.TestCommentEndpoints" name="test_create_comment" time="0.705" /><testcase classname="backend.tests.test_auth_teams_comments.TestCommentEndpoints" name="test_create_comment_and_verify_in_list" time="1.088" /><testcase classname="backend.tests.test_auth_teams_comments.TestNotificationEndpoints" name="test_list_notifications_requires_auth" time="0.316" /><testcase classname="backend.tests.test_auth_teams_comments.TestNotificationEndpoints" name="test_list_notifications" time="0.531" /><testcase classname="backend.tests.test_auth_teams_comments.TestNotificationEndpoints" name="test_unread_count" time="0.488" /><testcase classname="backend.tests.test_auth_teams_comments.TestNotificationEndpoints" name="test_mark_all_read" time="0.483" /><testcase classname="backend.tests.test_auth_teams_comments.TestAdminEndpoints" name="test_admin_dashboard_requires_auth" time="0.123" /><testcase classname="backend.tests.test_auth_teams_comments.TestAdminEndpoints" name="test_admin_dashboard_requires_admin_role" time="1.024" /><testcase classname="backend.tests.test_auth_teams_comments.TestAdminEndpoints" name="test_admin_dashboard" time="0.474" /><testcase classname="backend.tests.test_auth_teams_comments.TestAdminEndpoints" name="test_admin_users_list" time="0.457" /><testcase classname="backend.tests.test_auth_teams_comments.TestAdminEndpoints" name="test_admin_settings_list" time="0.474" /><testcase classname="backend.tests.test_auth_teams_comments.TestAdminEndpoints" name="test_admin_settings_update" time="0.793" /><testcase classname="backend.tests.test_auth_teams_comments.TestProtectedRoutes" name="test_teams_protected" time="0.442" /><testcase classname="backend.tests.test_auth_teams_comments.TestProtectedRoutes" name="test_notifications_protected" time="0.118" /><testcase classname="backend.tests.test_auth_teams_comments.TestProtectedRoutes" name="test_admin_dashboard_protected" time="0.132" /><testcase classname="backend.tests.test_auth_teams_comments.TestProtectedRoutes" name="test_admin_users_protected" time="0.121" /></testsuite></testsuites>