<?xml version="1.0" encoding="utf-8"?><testsuites name="pytest tests"><testsuite name="pytest" errors="0" failures="0" skipped="1" tests="13" time="4.397" timestamp="2026-02-17T11:08:06.842792+00:00" hostname="agent-env-6ea63ec5-05e2-4811-b7d3-d511784f786e"><testcase classname="backend.tests.test_iteration9_features.TestPublicMatchEndpoint" name="test_public_endpoint_exists" time="0.219" /><testcase classname="backend.tests.test_iteration9_features.TestPublicMatchEndpoint" name="test_public_endpoint_no_auth_required" time="0.255" /><testcase classname="backend.tests.test_iteration9_features.TestPublicMatchEndpoint" name="test_public_endpoint_with_real_match" time="0.407" /><testcase classname="backend.tests.test_iteration9_features.TestImageUpload" name="test_upload_requires_admin" time="0.120" /><testcase classname="backend.tests.test_iteration9_features.TestImageUpload" name="test_upload_requires_file" time="0.522" /><testcase classname="backend.tests.test_iteration9_features.TestImageUpload" name="test_upload_rejects_non_image" time="0.428" /><testcase classname="backend.tests.test_iteration9_features.TestImageUpload" name="test_upload_and_retrieve_image" time="0.659" /><testcase classname="backend.tests.test_iteration9_features.TestSMTPEndpoint" name="test_smtp_test_requires_admin" time="0.108" /><testcase classname="backend.tests.test_iteration9_features.TestSMTPEndpoint" name="test_smtp_test_returns_config_status" time="0.468" /><testcase classname="backend.tests.test_iteration9_features.TestMapVetoWithMapNames" name="test_map_veto_endpoint_exists" time="0.407" /><testcase classname="backend.tests.test_iteration9_features.TestMapVetoWithMapNames" name="test_map_veto_returns_map_names" time="0.521" /><testcase classname="backend.tests.test_iteration9_features.TestGamesEndpoints" name="test_get_games_with_subgames" time="0.101" /><testcase classname="backend.tests.test_iteration9_features.TestTeamTournamentHistory" name="test_team_tournaments_endpoint" time="0.102"><skipped type="pytest.skip" message="Could not fetch teams">/app/backend/tests/test_iteration9_features.py:315: Could not fetch teams</skipped></testcase></testsuite></testsuites>