<?xml version="1.0" encoding="utf-8"?><testsuites name="pytest tests"><testsuite name="pytest" errors="0" failures="0" skipped="0" tests="18" time="5.550" timestamp="2026-02-17T10:55:56.888306+00:00" hostname="agent-env-6ea63ec5-05e2-4811-b7d3-d511784f786e"><testcase classname="backend.tests.test_subgames_maps.TestGamesEndpoint" name="test_get_games_list" time="0.297" /><testcase classname="backend.tests.test_subgames_maps.TestGamesEndpoint" name="test_cod_game_has_subgames" time="0.253" /><testcase classname="backend.tests.test_subgames_maps.TestGamesEndpoint" name="test_cs2_game_has_subgame" time="0.109" /><testcase classname="backend.tests.test_subgames_maps.TestGamesEndpoint" name="test_valorant_game_has_subgame" time="0.122" /><testcase classname="backend.tests.test_subgames_maps.TestSubGamesCRUD" name="test_create_sub_game" time="0.610" /><testcase classname="backend.tests.test_subgames_maps.TestSubGamesCRUD" name="test_update_sub_game" time="0.224" /><testcase classname="backend.tests.test_subgames_maps.TestSubGamesCRUD" name="test_delete_sub_game" time="0.143" /><testcase classname="backend.tests.test_subgames_maps.TestMapsCRUD" name="test_create_map" time="0.721" /><testcase classname="backend.tests.test_subgames_maps.TestMapsCRUD" name="test_update_map" time="0.227" /><testcase classname="backend.tests.test_subgames_maps.TestMapsCRUD" name="test_delete_map" time="0.112" /><testcase classname="backend.tests.test_subgames_maps.TestImageUpload" name="test_upload_requires_admin" time="0.186" /><testcase classname="backend.tests.test_subgames_maps.TestImageUpload" name="test_upload_without_file_fails" time="1.039" /><testcase classname="backend.tests.test_subgames_maps.TestMapVeto" name="test_map_veto_endpoint_exists" time="0.116" /><testcase classname="backend.tests.test_subgames_maps.TestSMTPEndpoint" name="test_smtp_test_requires_admin" time="0.131" /><testcase classname="backend.tests.test_subgames_maps.TestSMTPEndpoint" name="test_smtp_test_with_admin" time="0.499" /><testcase classname="backend.tests.test_subgames_maps.TestTeamTournamentHistory" name="test_team_tournaments_endpoint" time="0.121" /><testcase classname="backend.tests.test_subgames_maps.TestSubGameGetEndpoints" name="test_get_game_sub_games" time="0.283" /><testcase classname="backend.tests.test_subgames_maps.TestSubGameGetEndpoints" name="test_get_sub_game_maps" time="0.233" /></testsuite></testsuites>