<?xml version="1.0" encoding="utf-8"?><testsuites name="pytest tests"><testsuite name="pytest" errors="0" failures="0" skipped="0" tests="12" time="4.101" timestamp="2026-02-17T11:40:57.216003+00:00" hostname="agent-env-6ea63ec5-05e2-4811-b7d3-d511784f786e"><testcase classname="backend.tests.test_match_permissions.TestMatchPermissionsGuest" name="test_guest_public_endpoint_returns_can_manage_false" time="0.125" /><testcase classname="backend.tests.test_match_permissions.TestMatchPermissionsGuest" name="test_guest_public_endpoint_returns_match_data" time="0.374" /><testcase classname="backend.tests.test_match_permissions.TestMatchPermissionsGuest" name="test_guest_authenticated_endpoint_requires_auth" time="0.167" /><testcase classname="backend.tests.test_match_permissions.TestMatchPermissionsNonParticipant" name="test_non_participant_returns_can_manage_false" time="0.414" /><testcase classname="backend.tests.test_match_permissions.TestMatchPermissionsNonParticipant" name="test_non_participant_cannot_schedule" time="0.461" /><testcase classname="backend.tests.test_match_permissions.TestMatchPermissionsNonParticipant" name="test_non_participant_cannot_map_veto" time="0.547" /><testcase classname="backend.tests.test_match_permissions.TestMatchPermissionsParticipant" name="test_participant_returns_can_manage_true" time="0.398" /><testcase classname="backend.tests.test_match_permissions.TestMatchPermissionsParticipant" name="test_participant_has_setup_data" time="0.460" /><testcase classname="backend.tests.test_match_permissions.TestMatchPermissionsAdmin" name="test_admin_returns_can_manage_true" time="0.440" /><testcase classname="backend.tests.test_match_permissions.TestMatchPermissionsAdmin" name="test_admin_can_access_match_setup" time="0.396" /><testcase classname="backend.tests.test_match_permissions.TestScheduleEndpointSecurity" name="test_schedule_requires_auth" time="0.155" /><testcase classname="backend.tests.test_match_permissions.TestMapVetoEndpointSecurity" name="test_map_veto_requires_auth" time="0.103" /></testsuite></testsuites>