<?xml version="1.0" encoding="utf-8"?><testsuites name="pytest tests"><testsuite name="pytest" errors="0" failures="0" skipped="0" tests="24" time="5.462" timestamp="2026-02-16T11:09:32.207952+00:00" hostname="agent-env-17ab3a73-d2f8-4222-b423-810714e6d2d2"><testcase classname="backend.tests.test_phase1_access_control.TestAccessControlTournamentCreation" name="test_non_admin_cannot_create_tournament" time="0.655" /><testcase classname="backend.tests.test_phase1_access_control.TestAccessControlTournamentCreation" name="test_admin_can_create_tournament" time="0.436" /><testcase classname="backend.tests.test_phase1_access_control.TestAccessControlGameCreation" name="test_non_admin_cannot_create_game" time="0.110" /><testcase classname="backend.tests.test_phase1_access_control.TestAccessControlGameCreation" name="test_admin_can_create_game" time="0.110" /><testcase classname="backend.tests.test_phase1_access_control.TestAccessControlBracketGeneration" name="test_non_admin_cannot_generate_bracket" time="0.217" /><testcase classname="backend.tests.test_phase1_access_control.TestAccessControlTournamentUpdate" name="test_non_admin_cannot_update_tournament" time="0.204" /><testcase classname="backend.tests.test_phase1_access_control.TestTeamJoinCode" name="test_create_team_has_join_code" time="0.096" /><testcase classname="backend.tests.test_phase1_access_control.TestTeamJoinCode" name="test_team_join_code_hidden_for_non_owner" time="0.254" /><testcase classname="backend.tests.test_phase1_access_control.TestTeamJoinFlow" name="test_join_team_with_code" time="0.223" /><testcase classname="backend.tests.test_phase1_access_control.TestTeamJoinFlow" name="test_join_team_wrong_code" time="0.380" /><testcase classname="backend.tests.test_phase1_access_control.TestTeamLeaders" name="test_promote_member_to_leader" time="0.309" /><testcase classname="backend.tests.test_phase1_access_control.TestSubTeams" name="test_create_sub_team" time="0.200" /><testcase classname="backend.tests.test_phase1_access_control.TestSubTeams" name="test_list_sub_teams" time="0.309" /><testcase classname="backend.tests.test_phase1_access_control.TestProfilePage" name="test_get_user_profile" time="0.214" /><testcase classname="backend.tests.test_phase1_access_control.TestProfilePage" name="test_profile_not_found" time="0.099" /><testcase classname="backend.tests.test_phase1_access_control.TestWidget" name="test_widget_data" time="0.231" /><testcase classname="backend.tests.test_phase1_access_control.TestWidget" name="test_widget_not_found" time="0.104" /><testcase classname="backend.tests.test_phase1_access_control.TestScoreSubmission" name="test_score_submission_requires_auth" time="0.234" /><testcase classname="backend.tests.test_phase1_access_control.TestAdminResolve" name="test_resolve_requires_admin" time="0.221" /><testcase classname="backend.tests.test_phase1_access_control.TestAdminPanel" name="test_admin_dashboard_stats" time="0.114" /><testcase classname="backend.tests.test_phase1_access_control.TestAdminPanel" name="test_admin_settings_crud" time="0.204" /><testcase classname="backend.tests.test_phase1_access_control.TestComments" name="test_comments_require_auth" time="0.250" /><testcase classname="backend.tests.test_phase1_access_control.TestNotifications" name="test_notifications_list" time="0.102" /><testcase classname="backend.tests.test_phase1_access_control.TestNotifications" name="test_unread_count" time="0.100" /></testsuite></testsuites>